Arguments: 
  C:\Program Files\nodejs\node.exe C:\Users\raksh\AppData\Roaming\npm\node_modules\yarn\bin\yarn.js add bable-cli@6.26.0 bable-preset-env@1.7.0

PATH: 
  C:\Python39\Scripts\;C:\Python39\;C:\Program Files\Common Files\Oracle\Java\javapath;C:\WINDOWS\system32;C:\WINDOWS;C:\WINDOWS\System32\Wbem;C:\WINDOWS\System32\WindowsPowerShell\v1.0\;C:\WINDOWS\System32\OpenSSH\;C:\Program Files\Java\jdk-15;C:\Program Files\nodejs\;C:\ProgramData\chocolatey\bin;C:\Program Files\Git\cmd;C:\Users\raksh\AppData\Local\Android\Sdk\emulator;C:\Users\raksh\AppData\Local\Android\Sdk;C:\Users\raksh\AppData\Local\Android\Sdk\platform-tools;"%JAVA_HOME%\bin;";C:\Users\raksh\AppData\Local\Microsoft\WindowsApps;C:\Users\raksh\AppData\Roaming\npm;C:\Users\raksh\AppData\Local\Programs\Microsoft VS Code\bin;C:\Users\raksh\AppData\Local\Android\Sdk\platform-tools;

Yarn version: 
  1.22.11

Node version: 
  14.17.6

Platform: 
  win32 x64

Trace: 
  Error: https://registry.yarnpkg.com/bable-cli: Not found
      at Request.params.callback [as _callback] (C:\Users\raksh\AppData\Roaming\npm\node_modules\yarn\lib\cli.js:66992:18)
      at Request.self.callback (C:\Users\raksh\AppData\Roaming\npm\node_modules\yarn\lib\cli.js:140763:22)
      at Request.emit (events.js:400:28)
      at Request.<anonymous> (C:\Users\raksh\AppData\Roaming\npm\node_modules\yarn\lib\cli.js:141735:10)
      at Request.emit (events.js:400:28)
      at IncomingMessage.<anonymous> (C:\Users\raksh\AppData\Roaming\npm\node_modules\yarn\lib\cli.js:141657:12)
      at Object.onceWrapper (events.js:519:28)
      at IncomingMessage.emit (events.js:412:35)
      at endReadableNT (internal/streams/readable.js:1317:12)
      at processTicksAndRejections (internal/process/task_queues.js:82:21)

npm manifest: 
  {
    "name": "GB",
    "version": "1.0.0",
    "description": "",
    "main": "index.js",
    "scripts": {
      "test": "echo \"Error: no test specified\" && exit 1"
    },
    "keywords": [],
    "author": "",
    "license": "ISC"
  }

yarn manifest: 
  No manifest

Lockfile: 
  No lockfile
